C51 COMPILER V8.16   FSDATA                                                                01/02/2011 16:07:36 PAGE 1   


C51 COMPILER V8.16, COMPILATION OF MODULE FSDATA
OBJECT MODULE PLACED IN .\debug\fsdata.obj
COMPILER INVOKED BY: C:\Keil\C51\BIN\C51.EXE fsdata.c LARGE BROWSE DEBUG OBJECTEXTEND PRINT(.\debug\fsdata.lst) OBJECT(.
                    -\debug\fsdata.obj)

line level    source

   1          #include "fsdata.h"
   2          const char code data_cgi_files[] = {
   3                  /* /cgi/files */
   4                  0x2f, 0x63, 0x67, 0x69, 0x2f, 0x66, 0x69, 0x6c, 0x65, 0x73, 0,
   5                  0x23, 0x20, 0x54, 0x68, 0x69, 0x73, 0x20, 0x73, 0x63, 0x72, 
   6                  0x69, 0x70, 0x74, 0x20, 0x73, 0x68, 0x6f, 0x77, 0x73, 0x20, 
   7                  0x74, 0x68, 0x65, 0x20, 0x61, 0x63, 0x63, 0x65, 0x73, 0x73, 
   8                  0x20, 0x73, 0x74, 0x61, 0x74, 0x69, 0x73, 0x74, 0x69, 0x63, 
   9                  0x73, 0x20, 0x66, 0x6f, 0x72, 0x20, 0x64, 0x69, 0x66, 0x66, 
  10                  0x65, 0x72, 0x65, 0x6e, 0x74, 0x20, 0x66, 0x69, 0x6c, 0x65, 
  11                  0x73, 0x20, 0x6f, 0x6e, 0x20, 0x74, 0x68, 0x65, 0xa, 0x23, 
  12                  0x20, 0x77, 0x65, 0x62, 0x20, 0x73, 0x65, 0x72, 0x76, 0x65, 
  13                  0x72, 0x2e, 0xa, 0x23, 0xa, 0x23, 0x20, 0x46, 0x69, 0x72, 
  14                  0x73, 0x74, 0x2c, 0x20, 0x77, 0x65, 0x20, 0x69, 0x6e, 0x63, 
  15                  0x6c, 0x75, 0x64, 0x65, 0x20, 0x74, 0x68, 0x65, 0x20, 0x48, 
  16                  0x54, 0x4d, 0x4c, 0x20, 0x68, 0x65, 0x61, 0x64, 0x65, 0x72, 
  17                  0x2e, 0xa, 0x69, 0x20, 0x2f, 0x66, 0x69, 0x6c, 0x65, 0x73, 
  18                  0x5f, 0x68, 0x65, 0x61, 0x64, 0x65, 0x72, 0x2e, 0x68, 0x74, 
  19                  0x6d, 0x6c, 0xa, 0x23, 0x20, 0x50, 0x72, 0x69, 0x6e, 0x74, 
  20                  0x20, 0x6f, 0x75, 0x74, 0x20, 0x74, 0x68, 0x65, 0x20, 0x6e, 
  21                  0x61, 0x6d, 0x65, 0x20, 0x6f, 0x66, 0x20, 0x74, 0x68, 0x65, 
  22                  0x20, 0x66, 0x69, 0x6c, 0x65, 0x2c, 0x20, 0x61, 0x6e, 0x64, 
  23                  0x20, 0x63, 0x61, 0x6c, 0x6c, 0x20, 0x74, 0x68, 0x65, 0x20, 
  24                  0x66, 0x75, 0x6e, 0x63, 0x74, 0x69, 0x6f, 0x6e, 0x20, 0x74, 
  25                  0x68, 0x61, 0x74, 0x20, 0x70, 0x72, 0x69, 0x6e, 0x74, 0x73, 
  26                  0xa, 0x23, 0x20, 0x74, 0x68, 0x65, 0x20, 0x61, 0x63, 0x63, 
  27                  0x65, 0x73, 0x73, 0x20, 0x73, 0x74, 0x61, 0x74, 0x69, 0x73, 
  28                  0x74, 0x69, 0x63, 0x73, 0x20, 0x6f, 0x66, 0x20, 0x74, 0x68, 
  29                  0x61, 0x74, 0x20, 0x66, 0x69, 0x6c, 0x65, 0x2e, 0xa, 0x74, 
  30                  0x20, 0x3c, 0x74, 0x72, 0x3e, 0x3c, 0x74, 0x64, 0x3e, 0x3c, 
  31                  0x61, 0x20, 0x68, 0x72, 0x65, 0x66, 0x3d, 0x22, 0x2f, 0x69, 
  32                  0x6e, 0x64, 0x65, 0x78, 0x2e, 0x68, 0x74, 0x6d, 0x6c, 0x22, 
  33                  0x3e, 0x2f, 0x69, 0x6e, 0x64, 0x65, 0x78, 0x2e, 0x68, 0x74, 
  34                  0x6d, 0x6c, 0x3c, 0x2f, 0x61, 0x3e, 0x3c, 0x2f, 0x74, 0x64, 
  35                  0x3e, 0x3c, 0x74, 0x64, 0x3e, 0xa, 0x63, 0x20, 0x62, 0x20, 
  36                  0x2f, 0x69, 0x6e, 0x64, 0x65, 0x78, 0x2e, 0x68, 0x74, 0x6d, 
  37                  0x6c, 0xa, 0x74, 0x20, 0x3c, 0x2f, 0x74, 0x64, 0x3e, 0x3c, 
  38                  0x2f, 0x74, 0x72, 0x3e, 0x20, 0x3c, 0x74, 0x72, 0x3e, 0x3c, 
  39                  0x74, 0x64, 0x3e, 0x3c, 0x61, 0x20, 0x68, 0x72, 0x65, 0x66, 
  40                  0x3d, 0x22, 0x2f, 0x61, 0x62, 0x6f, 0x75, 0x74, 0x2e, 0x68, 
  41                  0x74, 0x6d, 0x6c, 0x22, 0x3e, 0x2f, 0x61, 0x62, 0x6f, 0x75, 
  42                  0x74, 0x2e, 0x68, 0x74, 0x6d, 0x6c, 0x3c, 0x2f, 0x61, 0x3e, 
  43                  0x3c, 0x2f, 0x74, 0x64, 0x3e, 0x3c, 0x74, 0x64, 0x3e, 0xa, 
  44                  0x63, 0x20, 0x62, 0x20, 0x2f, 0x61, 0x62, 0x6f, 0x75, 0x74, 
  45                  0x2e, 0x68, 0x74, 0x6d, 0x6c, 0xa, 0x74, 0x20, 0x3c, 0x2f, 
  46                  0x74, 0x64, 0x3e, 0x3c, 0x2f, 0x74, 0x72, 0x3e, 0x20, 0x3c, 
  47                  0x74, 0x72, 0x3e, 0x3c, 0x74, 0x64, 0x3e, 0x3c, 0x61, 0x20, 
  48                  0x68, 0x72, 0x65, 0x66, 0x3d, 0x22, 0x2f, 0x63, 0x6f, 0x6e, 
  49                  0x74, 0x72, 0x6f, 0x6c, 0x2e, 0x68, 0x74, 0x6d, 0x6c, 0x22, 
  50                  0x3e, 0x2f, 0x63, 0x6f, 0x6e, 0x74, 0x72, 0x6f, 0x6c, 0x2e, 
  51                  0x68, 0x74, 0x6d, 0x6c, 0x3c, 0x2f, 0x61, 0x3e, 0x3c, 0x2f, 
  52                  0x74, 0x64, 0x3e, 0x3c, 0x74, 0x64, 0x3e, 0xa, 0x63, 0x20, 
  53                  0x62, 0x20, 0x2f, 0x63, 0x6f, 0x6e, 0x74, 0x72, 0x6f, 0x6c, 
  54                  0x2e, 0x68, 0x74, 0x6d, 0x6c, 0xa, 0x74, 0x20, 0x3c, 0x2f, 
C51 COMPILER V8.16   FSDATA                                                                01/02/2011 16:07:36 PAGE 2   

  55                  0x74, 0x64, 0x3e, 0x3c, 0x2f, 0x74, 0x72, 0x3e, 0x20, 0x3c, 
  56                  0x74, 0x72, 0x3e, 0x3c, 0x74, 0x64, 0x3e, 0x3c, 0x61, 0x20, 
  57                  0x68, 0x72, 0x65, 0x66, 0x3d, 0x22, 0x2f, 0x69, 0x6d, 0x67, 
  58                  0x2f, 0x62, 0x67, 0x2e, 0x70, 0x6e, 0x67, 0x22, 0x3e, 0x2f, 
  59                  0x69, 0x6d, 0x67, 0x2f, 0x62, 0x67, 0x2e, 0x70, 0x6e, 0x67, 
  60                  0x3c, 0x2f, 0x61, 0x3e, 0x3c, 0x2f, 0x74, 0x64, 0x3e, 0x3c, 
  61                  0x74, 0x64, 0x3e, 0xa, 0x63, 0x20, 0x62, 0x20, 0x2f, 0x69, 
  62                  0x6d, 0x67, 0x2f, 0x62, 0x67, 0x2e, 0x70, 0x6e, 0x67, 0xa, 
  63                  0x74, 0x20, 0x3c, 0x2f, 0x74, 0x64, 0x3e, 0x3c, 0x2f, 0x74, 
  64                  0x72, 0x3e, 0x20, 0x3c, 0x74, 0x72, 0x3e, 0x3c, 0x74, 0x64, 
  65                  0x3e, 0x3c, 0x61, 0x20, 0x68, 0x72, 0x65, 0x66, 0x3d, 0x22, 
  66                  0x2f, 0x34, 0x30, 0x34, 0x2e, 0x68, 0x74, 0x6d, 0x6c, 0x22, 
  67                  0x3e, 0x2f, 0x34, 0x30, 0x34, 0x2e, 0x68, 0x74, 0x6d, 0x6c, 
  68                  0x3c, 0x2f, 0x61, 0x3e, 0x3c, 0x2f, 0x74, 0x64, 0x3e, 0x3c, 
  69                  0x74, 0x64, 0x3e, 0xa, 0x63, 0x20, 0x62, 0x20, 0x2f, 0x34, 
  70                  0x30, 0x34, 0x2e, 0x68, 0x74, 0x6d, 0x6c, 0xa, 0x74, 0x20, 
  71                  0x3c, 0x2f, 0x74, 0x64, 0x3e, 0x3c, 0x2f, 0x74, 0x72, 0x3e, 
  72                  0x20, 0x3c, 0x74, 0x72, 0x3e, 0x3c, 0x74, 0x64, 0x3e, 0x3c, 
  73                  0x61, 0x20, 0x68, 0x72, 0x65, 0x66, 0x3d, 0x22, 0x2f, 0x63, 
  74                  0x67, 0x69, 0x2f, 0x66, 0x69, 0x6c, 0x65, 0x73, 0x22, 0x3e, 
  75                  0x2f, 0x63, 0x67, 0x69, 0x2f, 0x66, 0x69, 0x6c, 0x65, 0x73, 
  76                  0x3c, 0x2f, 0x61, 0x3e, 0x3c, 0x2f, 0x74, 0x64, 0x3e, 0x3c, 
  77                  0x74, 0x64, 0x3e, 0xa, 0x63, 0x20, 0x62, 0x20, 0x2f, 0x63, 
  78                  0x67, 0x69, 0x2f, 0x66, 0x69, 0x6c, 0x65, 0x73, 0xa, 0x74, 
  79                  0x20, 0x3c, 0x2f, 0x74, 0x64, 0x3e, 0x3c, 0x2f, 0x74, 0x72, 
  80                  0x3e, 0x20, 0x3c, 0x74, 0x72, 0x3e, 0x3c, 0x74, 0x64, 0x3e, 
  81                  0x3c, 0x61, 0x20, 0x68, 0x72, 0x65, 0x66, 0x3d, 0x22, 0x2f, 
  82                  0x63, 0x67, 0x69, 0x2f, 0x73, 0x74, 0x61, 0x74, 0x73, 0x22, 
  83                  0x3e, 0x2f, 0x63, 0x67, 0x69, 0x2f, 0x73, 0x74, 0x61, 0x74, 
  84                  0x73, 0x3c, 0x2f, 0x61, 0x3e, 0x3c, 0x2f, 0x74, 0x64, 0x3e, 
  85                  0x3c, 0x74, 0x64, 0x3e, 0xa, 0x63, 0x20, 0x62, 0x20, 0x2f, 
  86                  0x63, 0x67, 0x69, 0x2f, 0x73, 0x74, 0x61, 0x74, 0x73, 0xa, 
  87                  0x74, 0x20, 0x3c, 0x2f, 0x74, 0x64, 0x3e, 0x3c, 0x2f, 0x74, 
  88                  0x72, 0x3e, 0x20, 0x3c, 0x74, 0x72, 0x3e, 0x3c, 0x74, 0x64, 
  89                  0x3e, 0x3c, 0x61, 0x20, 0x68, 0x72, 0x65, 0x66, 0x3d, 0x22, 
  90                  0x2f, 0x63, 0x67, 0x69, 0x2f, 0x74, 0x63, 0x70, 0x22, 0x3e, 
  91                  0x2f, 0x63, 0x67, 0x69, 0x2f, 0x74, 0x63, 0x70, 0x3c, 0x2f, 
  92                  0x61, 0x3e, 0x3c, 0x2f, 0x74, 0x64, 0x3e, 0x3c, 0x74, 0x64, 
  93                  0x3e, 0xa, 0x63, 0x20, 0x62, 0x20, 0x2f, 0x63, 0x67, 0x69, 
  94                  0x2f, 0x74, 0x63, 0x70, 0xa, 0x74, 0x20, 0x3c, 0x2f, 0x74, 
  95                  0x64, 0x3e, 0x3c, 0x2f, 0x74, 0x72, 0x3e, 0xa, 0x23, 0x20, 
  96                  0x49, 0x6e, 0x63, 0x6c, 0x75, 0x64, 0x65, 0x20, 0x74, 0x68, 
  97                  0x65, 0x20, 0x48, 0x54, 0x4d, 0x4c, 0x20, 0x66, 0x6f, 0x6f, 
  98                  0x74, 0x65, 0x72, 0x2e, 0xa, 0x69, 0x20, 0x2f, 0x66, 0x69, 
  99                  0x6c, 0x65, 0x73, 0x5f, 0x66, 0x6f, 0x6f, 0x74, 0x65, 0x72, 
 100                  0x2e, 0x70, 0x6c, 0x61, 0x69, 0x6e, 0xa, 0x23, 0x20, 0x45, 
 101                  0x6e, 0x64, 0x20, 0x6f, 0x66, 0x20, 0x73, 0x63, 0x72, 0x69, 
 102                  0x70, 0x74, 0x2e, 0xa, 0x2e, };
 103          
 104          const char code data_cgi_stats[] = {
 105                  /* /cgi/stats */
 106                  0x2f, 0x63, 0x67, 0x69, 0x2f, 0x73, 0x74, 0x61, 0x74, 0x73, 0,
 107                  0x69, 0x20, 0x2f, 0x73, 0x74, 0x61, 0x74, 0x73, 0x5f, 0x68, 
 108                  0x65, 0x61, 0x64, 0x65, 0x72, 0x2e, 0x68, 0x74, 0x6d, 0x6c, 
 109                  0xa, 0x63, 0x20, 0x61, 0xa, 0x69, 0x20, 0x2f, 0x73, 0x74, 
 110                  0x61, 0x74, 0x73, 0x5f, 0x66, 0x6f, 0x6f, 0x74, 0x65, 0x72, 
 111                  0x2e, 0x70, 0x6c, 0x61, 0x69, 0x6e, 0xa, 0x2e, 0xa, };
 112          
 113          const char code data_cgi_tcp[] = {
 114                  /* /cgi/tcp */
 115                  0x2f, 0x63, 0x67, 0x69, 0x2f, 0x74, 0x63, 0x70, 0,
 116                  0x69, 0x20, 0x2f, 0x74, 0x63, 0x70, 0x5f, 0x68, 0x65, 0x61, 
C51 COMPILER V8.16   FSDATA                                                                01/02/2011 16:07:36 PAGE 3   

 117                  0x64, 0x65, 0x72, 0x2e, 0x68, 0x74, 0x6d, 0x6c, 0xa, 0x63, 
 118                  0x20, 0x63, 0xa, 0x69, 0x20, 0x2f, 0x74, 0x63, 0x70, 0x5f, 
 119                  0x66, 0x6f, 0x6f, 0x74, 0x65, 0x72, 0x2e, 0x70, 0x6c, 0x61, 
 120                  0x69, 0x6e, 0xa, 0x2e, };
 121          
 122          const char code data_img_bg_png[] = {
 123                  /* /img/bg.png */
 124                  0x2f, 0x69, 0x6d, 0x67, 0x2f, 0x62, 0x67, 0x2e, 0x70, 0x6e, 0x67, 0,
 125                  0x48, 0x54, 0x54, 0x50, 0x2f, 0x31, 0x2e, 0x30, 0x20, 0x32, 
 126                  0x30, 0x30, 0x20, 0x4f, 0x4b, 0xd, 0xa, 0x53, 0x65, 0x72, 
 127                  0x76, 0x65, 0x72, 0x3a, 0x20, 0x75, 0x49, 0x50, 0x2f, 0x30, 
 128                  0x2e, 0x39, 0x20, 0x28, 0x68, 0x74, 0x74, 0x70, 0x3a, 0x2f, 
 129                  0x2f, 0x64, 0x75, 0x6e, 0x6b, 0x65, 0x6c, 0x73, 0x2e, 0x63, 
 130                  0x6f, 0x6d, 0x2f, 0x61, 0x64, 0x61, 0x6d, 0x2f, 0x75, 0x69, 
 131                  0x70, 0x2f, 0x29, 0xd, 0xa, 0x43, 0x6f, 0x6e, 0x74, 0x65, 
 132                  0x6e, 0x74, 0x2d, 0x74, 0x79, 0x70, 0x65, 0x3a, 0x20, 0x69, 
 133                  0x6d, 0x61, 0x67, 0x65, 0x2f, 0x70, 0x6e, 0x67, 0xd, 0xa, 
 134                  0xd, 0xa, 0x89, 0x50, 0x4e, 0x47, 0xd, 0xa, 0x1a, 0xa, 
 135                  00, 00, 00, 0xd, 0x49, 0x48, 0x44, 0x52, 00, 00, 
 136                  0x3, 0x1d, 00, 00, 00, 0x5e, 0x8, 0x6, 00, 00, 
 137                  00, 0x46, 0xbd, 0x79, 0xcc, 00, 00, 00, 0x6, 0x62, 
 138                  0x4b, 0x47, 0x44, 00, 0xff, 00, 0xff, 00, 0xff, 0xa0, 
 139                  0xbd, 0xa7, 0x93, 00, 00, 00, 0x9, 0x70, 0x48, 0x59, 
 140                  0x73, 00, 00, 0xb, 0x12, 00, 00, 0xb, 0x12, 0x1, 
 141                  0xd2, 0xdd, 0x7e, 0xfc, 00, 00, 00, 0x7, 0x74, 0x49, 
 142                  0x4d, 0x45, 0x7, 0xd3, 0xa, 0x5, 0x12, 0x22, 0x33, 0x22, 
 143                  0xd0, 0x7c, 0x9a, 00, 00, 00, 0x1d, 0x74, 0x45, 0x58, 
 144                  0x74, 0x43, 0x6f, 0x6d, 0x6d, 0x65, 0x6e, 0x74, 00, 0x43, 
 145                  0x72, 0x65, 0x61, 0x74, 0x65, 0x64, 0x20, 0x77, 0x69, 0x74, 
 146                  0x68, 0x20, 0x54, 0x68, 0x65, 0x20, 0x47, 0x49, 0x4d, 0x50, 
 147                  0xef, 0x64, 0x25, 0x6e, 00, 00, 0x3, 0xa0, 0x49, 0x44, 
 148                  0x41, 0x54, 0x78, 0xda, 0xed, 0xdd, 0xc1, 0x76, 0x9a, 0x40, 
 149                  0x18, 0x80, 0x51, 0x27, 0xc7, 0x5, 0x6c, 0xd1, 0x65, 0x1a, 
 150                  0xec, 0xe9, 0xfb, 0xbf, 0x45, 0x9e, 0x23, 0xd5, 0xb4, 0x4b, 
 151                  0x71, 0x19, 0xdd, 0x4d, 0x97, 0x36, 0x8a, 0x6, 0x1c, 0x82, 
 152                  0x20, 0xf7, 0xee, 0x92, 0xa8, 0x3f, 0xc, 0x68, 0xfa, 0xa1, 
 153                  0x3d, 0x9, 0x6f, 0xaf, 0x1f, 0x71, 0x76, 0x26, 0xcc, 0x6e, 
 154                  0x15, 0x9e, 0xce, 0xbf, 0x17, 0xe3, 0x71, 0x44, 0xb8, 0xfd, 
 155                  0xa1, 0x93, 0xd5, 0x6d, 0x5b, 0x7f, 0xc3, 0x13, 0xef, 0x1e, 
 156                  0x86, 0xb3, 0x2d, 0x5d, 0x6d, 0xdb, 0xf2, 0x57, 0x96, 0x34, 
 157                  0x77, 0xfb, 0xfb, 0x90, 0x74, 0xff, 0xe5, 0xcf, 0xb4, 0xf9, 
 158                  0xbb, 0x4d, 0xda, 0xfc, 0xa2, 0xcc, 0x92, 0xd6, 0xb4, 0x5a, 
 159                  0x5f, 0x99, 0xdf, 0xe0, 0x5c, 0x5f, 0xae, 0xb2, 0xd9, 0x20, 
 160                  0x85, 0x6f, 0x5c, 0xff, 0x70, 0x7c, 0x2d, 0x5a, 0x94, 0xf9, 
 161                  0xf0, 0x76, 0xfd, 0x69, 0x36, 0x39, 0x53, 0xdc, 0xe7, 0x41, 
 162                  0xfc, 0x1e, 0x18, 0xe1, 0xef, 0x41, 0xc6, 0xf1, 0x7c, 0xa9, 
 163                  0x3d, 0x4f, 0xe3, 0x83, 0x1f, 0xfc, 0xb1, 0x1e, 0x17, 0xcb, 
 164                  0x4, 00, 00, 0x68, 0x33, 00, 00, 00, 0xd1, 0x1, 
 165                  00, 00, 0x88, 0xe, 00, 00, 0x40, 0x74, 00, 00, 
 166                  00, 0x88, 0xe, 00, 00, 0x40, 0x74, 00, 00, 00, 
 167                  0xa2, 0x3, 00, 00, 0x40, 0x74, 00, 00, 00, 0xa2, 
 168                  0x3, 00, 00, 0x40, 0x74, 00, 00, 00, 0xa2, 0x3, 
 169                  00, 00, 0x10, 0x1d, 00, 0x1d, 0xa, 0x96, 00, 00, 
 170                  0x44, 0x7, 00, 00, 0x40, 0x4b, 0xe1, 0xed, 0xf5, 0x23, 
 171                  0xd6, 0x7c, 0xfb, 0xf6, 0x7, 0xac, 0xc9, 0x98, 0x18, 0x8f, 
 172                  0x23, 0xc2, 0x1d, 0xaf, 0x64, 0x86, 0x7b, 0x26, 0x56, 0xe2, 
 173                  0x7e, 0x77, 0xba, 0x6e, 0x1d, 0x1f, 0x83, 0xa4, 0x6d, 0xb, 
 174                  0xfd, 0x6e, 0x6b, 0x97, 0x6b, 0x1a, 0xee, 0x7c, 0x55, 0x7e, 
 175                  0xb1, 0xca, 0x92, 0x9e, 0xb, 0xdb, 0xf5, 0x21, 0x69, 0xfe, 
 176                  0x32, 0x61, 0xfe, 0x18, 0x8f, 0xf7, 0xc3, 0xbf, 0x46, 0xd9, 
 177                  0xe7, 0xe1, 0xaf, 0xd5, 0xd8, 0xdf, 0x9, 0xf4, 0x4e, 0xe6, 
 178                  0x24, 0x9e, 0x2f, 0xb5, 0xe7, 0x69, 0x7c, 0xf0, 0x83, 0x3f, 
C51 COMPILER V8.16   FSDATA                                                                01/02/2011 16:07:36 PAGE 4   

 179                  0xd6, 0xe3, 0x62, 0x99, 00, 00, 00, 0x6d, 0x6, 00, 
 180                  00, 0x20, 0x3a, 00, 00, 00, 0xd1, 0x1, 00, 00, 
 181                  0x88, 0xe, 00, 00, 00, 0xd1, 0x1, 00, 00, 0x88, 
 182                  0xe, 00, 00, 0x40, 0x74, 00, 00, 00, 0x88, 0xe, 
 183                  00, 00, 0x40, 0x74, 00, 00, 00, 0x88, 0xe, 0x98, 
 184                  0xaa, 0xe0, 0x59, 0xf, 00, 0x88, 0xe, 00, 0x86, 0x53, 
 185                  0xa9, 0x96, 00, 00, 0xd1, 0x1, 00, 00, 0x88, 0xe, 
 186                  00, 00, 0x40, 0x74, 00, 00, 00, 0x7c, 0x93, 0xb9, 
 187                  0x25, 0x80, 0xfb, 0x28, 0xca, 0xec, 0xe2, 0xcf, 0x42, 0x83, 
 188                  0xcf, 0xd1, 0x57, 0xeb, 0xc3, 0xe5, 0x1f, 0x36, 0xb8, 0x9c, 
 189                  0xb0, 0x5c, 0x65, 0x49, 0xdb, 0xbf, 0xbd, 0x30, 0x3f, 0x34, 
 190                  0xfc, 0x3f, 00, 0x8b, 0x32, 0x6d, 0xfe, 0x6e, 0x73, 0x68, 
 191                  0x7f, 0xa7, 0x10, 0xff, 0x9b, 0x9f, 0x27, 0xcd, 0xaf, 0xde, 
 192                  0xf7, 0xed, 0x46, 0x9f, 0x1c, 0x93, 0xe2, 0x39, 0xf7, 0x24, 
 193                  00, 0x60, 0x32, 0xbc, 0xd3, 0x1, 00, 00, 0x88, 0xe, 
 194                  00, 00, 0x40, 0x74, 00, 00, 00, 0x88, 0xe, 00, 
 195                  00, 0x40, 0x74, 00, 00, 00, 0x8f, 0x1f, 0x1d, 0xdd, 
 196                  0xfe, 0xf9, 0xd9, 0x18, 0xa3, 0x55, 0x6, 00, 00, 0xd1, 
 197                  0xc1, 0x64, 0x84, 0x8e, 0x1f, 0x2e, 0x58, 0x52, 00, 00, 
 198                  0x44, 0x7, 00, 00, 0x20, 0x3a, 00, 00, 00, 0xd1, 
 199                  0x1, 00, 00, 0x20, 0x3a, 00, 00, 00, 0xd1, 0x1, 
 200                  00, 00, 0x88, 0xe, 00, 00, 00, 0xd1, 0x1, 00, 
 201                  00, 0x88, 0xe, 00, 00, 0x80, 0xb9, 0x25, 0x80, 0xfb, 
 202                  0xd8, 0x6d, 0xe, 0x77, 0x9d, 0xbf, 0x5d, 0xa7, 0xcd, 0x5f, 
 203                  0xae, 0xb2, 0xa4, 0xfb, 0x57, 0x35, 0xfb, 0xdf, 0xe6, 0x8f, 
 204                  0x4d, 0x16, 0x65, 0xbb, 0xf9, 0xa7, 0x8f, 0x5d, 0x6d, 0xf6, 
 205                  0xe7, 0x37, 0x88, 0xf1, 0xca, 0x3, 0x7c, 0xfe, 0x72, 0xf1, 
 206                  0x92, 0x3b, 0x89, 0x1, 0xa0, 0x21, 0xef, 0x74, 00, 00, 
 207                  00, 0xa2, 0x3, 00, 00, 0x10, 0x1d, 00, 00, 00, 
 208                  0xa2, 0x63, 0xac, 0xda, 0x7c, 0xce, 0x1d, 00, 00, 0x44, 
 209                  0x7, 0xe0, 0x59, 0xd, 00, 0xf8, 0xe7, 0x9, 00, 00, 
 210                  0x80, 0xe8, 00, 00, 00, 0x44, 0x7, 00, 00, 0x80, 
 211                  0xe8, 00, 00, 00, 0x44, 0x7, 00, 00, 0x20, 0x3a, 
 212                  00, 00, 00, 0x44, 0x7, 00, 00, 0x20, 0x3a, 00, 
 213                  00, 00, 0xd1, 0x1, 00, 00, 0x20, 0x3a, 00, 00, 
 214                  0x80, 0x81, 0x98, 0x5b, 0x2, 0xe0, 0x16, 0xdb, 0xf5, 0xa1, 
 215                  0xf6, 0xfb, 0x21, 0xf4, 0x33, 0x7f, 0xb7, 0x39, 0xb4, 0xbb, 
 216                  0x43, 0x88, 0x9f, 0xbe, 0x5c, 0x94, 0x79, 0xd2, 0xfc, 0xea, 
 217                  0x7d, 0xdf, 0x6e, 0xfc, 0xc9, 0x25, 0x9e, 0xe2, 0xb9, 0xbf, 
 218                  0xf9, 0x75, 0xc7, 0xa4, 0xf8, 0x91, 0x3b, 0x89, 0x1, 0xe8, 
 219                  0x8d, 0x77, 0x3a, 00, 00, 00, 0xd1, 0x1, 0x43, 0xd3, 
 220                  0xd7, 0xd5, 0x7c, 0xeb, 0x2, 00, 0x88, 0xe, 00, 0xbe, 
 221                  0x8e, 0x31, 0xaf, 0xb4, 00, 0x88, 0xe, 00, 00, 00, 
 222                  0xd1, 0x1, 00, 00, 0x88, 0xe, 00, 00, 00, 0xd1, 
 223                  0x1, 00, 00, 0x88, 0xe, 00, 00, 0x40, 0x74, 00, 
 224                  00, 00, 0x88, 0xe, 00, 00, 0x40, 0x74, 00, 00, 
 225                  00, 0xa2, 0x3, 00, 00, 0x60, 0x34, 0xd1, 0x11, 0x82, 
 226                  0x5, 0x7, 00, 00, 0xd1, 0x1, 0x43, 0x21, 0x52, 0x1, 
 227                  00, 0x44, 0x7, 00, 00, 0xc0, 0x57, 0xe6, 0x96, 00, 
 228                  0x18, 0xa3, 0xa2, 0xcc, 0x5a, 0xdd, 0xfe, 0xf4, 0xe3, 0x9d, 
 229                  0xd5, 0x66, 0x7f, 0x7e, 0x83, 0x18, 0xaf, 0x3c, 0x40, 0xb7, 
 230                  0xdb, 0xbf, 0xfb, 0xbb, 0x4f, 0xba, 0xff, 0xe2, 0x25, 0x4f, 
 231                  0x9b, 0xff, 0xa7, 0xe1, 0xfc, 0xb, 0xfb, 0x5d, 0x3c, 0xe7, 
 232                  0xdf, 0xbe, 0xff, 0xe1, 0xca, 0x65, 0xb1, 0x3e, 0xe6, 0x5f, 
 233                  0x3d, 0xff, 0x12, 0xe7, 0x3, 0x4c, 0x8d, 0x77, 0x3a, 00, 
 234                  00, 00, 0xd1, 0x1, 00, 00, 0x88, 0xe, 00, 00, 
 235                  00, 0xd1, 0x1, 00, 00, 0x88, 0xe, 00, 00, 0x40, 
 236                  0x74, 00, 00, 00, 0x88, 0xe, 00, 00, 0x40, 0x74, 
 237                  00, 00, 00, 0xa2, 0x3, 00, 00, 0x40, 0x74, 0x34, 
 238                  0x13, 0xe4, 0x15, 00, 00, 0x88, 0xe, 00, 00, 0x40, 
 239                  0x74, 00, 00, 00, 0x88, 0xe, 00, 00, 0x40, 0x74, 
 240                  00, 00, 00, 0x13, 0xf1, 0xf, 0x24, 0xa1, 0x5c, 0xab, 
C51 COMPILER V8.16   FSDATA                                                                01/02/2011 16:07:36 PAGE 5   

 241                  0x41, 0xd8, 0x92, 0xa4, 00, 00, 00, 00, 0x49, 0x45, 
 242                  0x4e, 0x44, 0xae, 0x42, 0x60, 0x82, };
 243          
 244          const char code data_about_html[] = {
 245                  /* /about.html */
 246                  0x2f, 0x61, 0x62, 0x6f, 0x75, 0x74, 0x2e, 0x68, 0x74, 0x6d, 0x6c, 0,
 247                  0x48, 0x54, 0x54, 0x50, 0x2f, 0x31, 0x2e, 0x30, 0x20, 0x32, 
 248                  0x30, 0x30, 0x20, 0x4f, 0x4b, 0xd, 0xa, 0x53, 0x65, 0x72, 
 249                  0x76, 0x65, 0x72, 0x3a, 0x20, 0x75, 0x49, 0x50, 0x2f, 0x30, 
 250                  0x2e, 0x39, 0x20, 0x28, 0x68, 0x74, 0x74, 0x70, 0x3a, 0x2f, 
 251                  0x2f, 0x64, 0x75, 0x6e, 0x6b, 0x65, 0x6c, 0x73, 0x2e, 0x63, 
 252                  0x6f, 0x6d, 0x2f, 0x61, 0x64, 0x61, 0x6d, 0x2f, 0x75, 0x69, 
 253                  0x70, 0x2f, 0x29, 0xd, 0xa, 0x43, 0x6f, 0x6e, 0x74, 0x65, 
 254                  0x6e, 0x74, 0x2d, 0x74, 0x79, 0x70, 0x65, 0x3a, 0x20, 0x74, 
 255                  0x65, 0x78, 0x74, 0x2f, 0x68, 0x74, 0x6d, 0x6c, 0xd, 0xa, 
 256                  0xd, 0xa, 0x3c, 0x68, 0x74, 0x6d, 0x6c, 0x3e, 0xa, 0x3c, 
 257                  0x62, 0x6f, 0x64, 0x79, 0x20, 0x62, 0x67, 0x63, 0x6f, 0x6c, 
 258                  0x6f, 0x72, 0x3d, 0x22, 0x77, 0x68, 0x69, 0x74, 0x65, 0x22, 
 259                  0x3e, 0xa, 0x3c, 0x63, 0x65, 0x6e, 0x74, 0x65, 0x72, 0x3e, 
 260                  0xa, 0x3c, 0x74, 0x61, 0x62, 0x6c, 0x65, 0x20, 0x77, 0x69, 
 261                  0x64, 0x74, 0x68, 0x3d, 0x22, 0x36, 0x30, 0x30, 0x22, 0x20, 
 262                  0x62, 0x6f, 0x72, 0x64, 0x65, 0x72, 0x3d, 0x22, 0x30, 0x22, 
 263                  0x3e, 0x3c, 0x74, 0x72, 0x3e, 0x3c, 0x74, 0x64, 0x3e, 0xa, 
 264                  0x3c, 0x68, 0x32, 0x3e, 0x57, 0x65, 0x6c, 0x63, 0x6f, 0x6d, 
 265                  0x65, 0x3c, 0x2f, 0x68, 0x32, 0x3e, 0xa, 0x3c, 0x70, 0x20, 
 266                  0x61, 0x6c, 0x69, 0x67, 0x6e, 0x3d, 0x22, 0x6a, 0x75, 0x73, 
 267                  0x74, 0x69, 0x66, 0x79, 0x22, 0x3e, 0xa, 0x54, 0x68, 0x65, 
 268                  0x73, 0x65, 0x20, 0x77, 0x65, 0x62, 0x20, 0x70, 0x61, 0x67, 
 269                  0x65, 0x73, 0x20, 0x61, 0x72, 0x65, 0x20, 0x73, 0x65, 0x72, 
 270                  0x76, 0x65, 0x64, 0x20, 0x62, 0x79, 0x20, 0x74, 0x68, 0x65, 
 271                  0x20, 0x73, 0x6d, 0x61, 0x6c, 0x6c, 0x20, 0x77, 0x65, 0x62, 
 272                  0x20, 0x73, 0x65, 0x72, 0x76, 0x65, 0x72, 0x20, 0x72, 0x75, 
 273                  0x6e, 0x6e, 0x69, 0x6e, 0x67, 0x20, 0x6f, 0x6e, 0x20, 0x74, 
 274                  0x6f, 0x70, 0x20, 0x6f, 0x66, 0xa, 0x74, 0x68, 0x65, 0x20, 
 275                  0x3c, 0x61, 0x20, 0x68, 0x72, 0x65, 0x66, 0x3d, 0x22, 0x68, 
 276                  0x74, 0x74, 0x70, 0x3a, 0x2f, 0x2f, 0x64, 0x75, 0x6e, 0x6b, 
 277                  0x65, 0x6c, 0x73, 0x2e, 0x63, 0x6f, 0x6d, 0x2f, 0x61, 0x64, 
 278                  0x61, 0x6d, 0x2f, 0x75, 0x69, 0x70, 0x2f, 0x22, 0x20, 0x74, 
 279                  0x61, 0x72, 0x67, 0x65, 0x74, 0x3d, 0x22, 0x5f, 0x74, 0x6f, 
 280                  0x70, 0x22, 0x3e, 0x75, 0x49, 0x50, 0x20, 0x54, 0x43, 0x50, 
 281                  0x2f, 0x49, 0x50, 0xa, 0x73, 0x74, 0x61, 0x63, 0x6b, 0x3c, 
 282                  0x2f, 0x61, 0x3e, 0x2e, 0xa, 0x3c, 0x2f, 0x70, 0x3e, 0xa, 
 283                  0x3c, 0x70, 0x20, 0x61, 0x6c, 0x69, 0x67, 0x6e, 0x3d, 0x22, 
 284                  0x6a, 0x75, 0x73, 0x74, 0x69, 0x66, 0x79, 0x22, 0x3e, 0xa, 
 285                  0x43, 0x6c, 0x69, 0x63, 0x6b, 0x20, 0x6f, 0x6e, 0x20, 0x74, 
 286                  0x68, 0x65, 0x20, 0x6c, 0x69, 0x6e, 0x6b, 0x73, 0x20, 0x61, 
 287                  0x62, 0x6f, 0x76, 0x65, 0x20, 0x74, 0x6f, 0x20, 0x73, 0x65, 
 288                  0x65, 0x20, 0x73, 0x6f, 0x6d, 0x65, 0x20, 0x73, 0x74, 0x61, 
 289                  0x74, 0x75, 0x73, 0x20, 0x69, 0x6e, 0x66, 0x6f, 0x72, 0x6d, 
 290                  0x61, 0x74, 0x69, 0x6f, 0x6e, 0x20, 0x61, 0x62, 0x6f, 0x75, 
 291                  0x74, 0x20, 0x74, 0x68, 0x65, 0x20, 0x77, 0x65, 0x62, 0xa, 
 292                  0x73, 0x65, 0x72, 0x76, 0x65, 0x72, 0x20, 0x61, 0x6e, 0x64, 
 293                  0x20, 0x74, 0x68, 0x65, 0x20, 0x54, 0x43, 0x50, 0x2f, 0x49, 
 294                  0x50, 0x20, 0x73, 0x74, 0x61, 0x63, 0x6b, 0x2e, 0xa, 0x3c, 
 295                  0x2f, 0x70, 0x3e, 0xa, 0x3c, 0x2f, 0x74, 0x64, 0x3e, 0x3c, 
 296                  0x2f, 0x74, 0x72, 0x3e, 0x3c, 0x2f, 0x74, 0x61, 0x62, 0x6c, 
 297                  0x65, 0x3e, 0xa, 0x3c, 0x2f, 0x63, 0x65, 0x6e, 0x74, 0x65, 
 298                  0x72, 0x3e, 0xa, 0x3c, 0x2f, 0x62, 0x6f, 0x64, 0x79, 0x3e, 
 299                  0xa, 0x3c, 0x2f, 0x68, 0x74, 0x6d, 0x6c, 0x3e, };
 300          
 301          const char code data_control_html[] = {
 302                  /* /control.html */
C51 COMPILER V8.16   FSDATA                                                                01/02/2011 16:07:36 PAGE 6   

 303                  0x2f, 0x63, 0x6f, 0x6e, 0x74, 0x72, 0x6f, 0x6c, 0x2e, 0x68, 0x74, 0x6d, 0x6c, 0,
 304                  0x48, 0x54, 0x54, 0x50, 0x2f, 0x31, 0x2e, 0x30, 0x20, 0x32, 
 305                  0x30, 0x30, 0x20, 0x4f, 0x4b, 0xd, 0xa, 0x53, 0x65, 0x72, 
 306                  0x76, 0x65, 0x72, 0x3a, 0x20, 0x75, 0x49, 0x50, 0x2f, 0x30, 
 307                  0x2e, 0x39, 0x20, 0x28, 0x68, 0x74, 0x74, 0x70, 0x3a, 0x2f, 
 308                  0x2f, 0x64, 0x75, 0x6e, 0x6b, 0x65, 0x6c, 0x73, 0x2e, 0x63, 
 309                  0x6f, 0x6d, 0x2f, 0x61, 0x64, 0x61, 0x6d, 0x2f, 0x75, 0x69, 
 310                  0x70, 0x2f, 0x29, 0xd, 0xa, 0x43, 0x6f, 0x6e, 0x74, 0x65, 
 311                  0x6e, 0x74, 0x2d, 0x74, 0x79, 0x70, 0x65, 0x3a, 0x20, 0x74, 
 312                  0x65, 0x78, 0x74, 0x2f, 0x68, 0x74, 0x6d, 0x6c, 0xd, 0xa, 
 313                  0xd, 0xa, 0x3c, 0x68, 0x74, 0x6d, 0x6c, 0x3e, 0xa, 0x3c, 
 314                  0x62, 0x6f, 0x64, 0x79, 0x20, 0x62, 0x67, 0x63, 0x6f, 0x6c, 
 315                  0x6f, 0x72, 0x3d, 0x22, 0x77, 0x68, 0x69, 0x74, 0x65, 0x22, 
 316                  0x3e, 0xa, 0x3c, 0x63, 0x65, 0x6e, 0x74, 0x65, 0x72, 0x3e, 
 317                  0xa, 0x3c, 0x74, 0x61, 0x62, 0x6c, 0x65, 0x20, 0x77, 0x69, 
 318                  0x64, 0x74, 0x68, 0x3d, 0x22, 0x37, 0x39, 0x37, 0x22, 0x20, 
 319                  0x68, 0x65, 0x69, 0x67, 0x68, 0x74, 0x3d, 0x22, 0x39, 0x34, 
 320                  0x22, 0x20, 0x62, 0x6f, 0x72, 0x64, 0x65, 0x72, 0x3d, 0x22, 
 321                  0x30, 0x22, 0x20, 0x63, 0x65, 0x6c, 0x6c, 0x70, 0x61, 0x64, 
 322                  0x64, 0x69, 0x6e, 0x67, 0x3d, 0x22, 0x30, 0x22, 0xa, 0x9, 
 323                  0x63, 0x65, 0x6c, 0x6c, 0x73, 0x70, 0x61, 0x63, 0x69, 0x6e, 
 324                  0x67, 0x3d, 0x22, 0x30, 0x22, 0x20, 0x62, 0x61, 0x63, 0x6b, 
 325                  0x67, 0x72, 0x6f, 0x75, 0x6e, 0x64, 0x3d, 0x22, 0x2f, 0x69, 
 326                  0x6d, 0x67, 0x2f, 0x62, 0x67, 0x2e, 0x70, 0x6e, 0x67, 0x22, 
 327                  0x3e, 0x3c, 0x74, 0x72, 0x3e, 0x3c, 0x74, 0x64, 0x20, 0x61, 
 328                  0x6c, 0x69, 0x67, 0x6e, 0x3d, 0x22, 0x63, 0x65, 0x6e, 0x74, 
 329                  0x65, 0x72, 0x22, 0x3e, 0xa, 0x3c, 0x68, 0x31, 0x3e, 0x75, 
 330                  0x49, 0x50, 0x20, 0x77, 0x65, 0x62, 0x20, 0x73, 0x65, 0x72, 
 331                  0x76, 0x65, 0x72, 0x20, 0x74, 0x65, 0x73, 0x74, 0x20, 0x70, 
 332                  0x61, 0x67, 0x65, 0x73, 0x3c, 0x2f, 0x68, 0x31, 0x3e, 0xa, 
 333                  0x5b, 0x20, 0x3c, 0x61, 0x20, 0x68, 0x72, 0x65, 0x66, 0x3d, 
 334                  0x22, 0x61, 0x62, 0x6f, 0x75, 0x74, 0x2e, 0x68, 0x74, 0x6d, 
 335                  0x6c, 0x22, 0x20, 0x74, 0x61, 0x72, 0x67, 0x65, 0x74, 0x3d, 
 336                  0x22, 0x6d, 0x61, 0x69, 0x6e, 0x22, 0x3e, 0x41, 0x62, 0x6f, 
 337                  0x75, 0x74, 0x3c, 0x2f, 0x61, 0x3e, 0x20, 0x7c, 0xa, 0x3c, 
 338                  0x61, 0x20, 0x68, 0x72, 0x65, 0x66, 0x3d, 0x22, 0x2f, 0x63, 
 339                  0x67, 0x69, 0x2f, 0x74, 0x63, 0x70, 0x22, 0x20, 0x74, 0x61, 
 340                  0x72, 0x67, 0x65, 0x74, 0x3d, 0x22, 0x6d, 0x61, 0x69, 0x6e, 
 341                  0x22, 0x3e, 0x43, 0x6f, 0x6e, 0x6e, 0x65, 0x63, 0x74, 0x69, 
 342                  0x6f, 0x6e, 0x73, 0x3c, 0x2f, 0x61, 0x3e, 0x20, 0x7c, 0xa, 
 343                  0x3c, 0x61, 0x20, 0x68, 0x72, 0x65, 0x66, 0x3d, 0x22, 0x2f, 
 344                  0x63, 0x67, 0x69, 0x2f, 0x66, 0x69, 0x6c, 0x65, 0x73, 0x22, 
 345                  0x20, 0x74, 0x61, 0x72, 0x67, 0x65, 0x74, 0x3d, 0x22, 0x6d, 
 346                  0x61, 0x69, 0x6e, 0x22, 0x3e, 0x46, 0x69, 0x6c, 0x65, 0x73, 
 347                  0x3c, 0x2f, 0x61, 0x3e, 0x20, 0x7c, 0xa, 0x3c, 0x61, 0x20, 
 348                  0x68, 0x72, 0x65, 0x66, 0x3d, 0x22, 0x2f, 0x63, 0x67, 0x69, 
 349                  0x2f, 0x73, 0x74, 0x61, 0x74, 0x73, 0x22, 0x20, 0x74, 0x61, 
 350                  0x72, 0x67, 0x65, 0x74, 0x3d, 0x22, 0x6d, 0x61, 0x69, 0x6e, 
 351                  0x22, 0x3e, 0x53, 0x74, 0x61, 0x74, 0x69, 0x73, 0x74, 0x69, 
 352                  0x63, 0x73, 0x3c, 0x2f, 0x61, 0x3e, 0x20, 0x5d, 0xa, 0x3c, 
 353                  0x2f, 0x74, 0x64, 0x3e, 0x3c, 0x2f, 0x74, 0x72, 0x3e, 0x3c, 
 354                  0x2f, 0x74, 0x61, 0x62, 0x6c, 0x65, 0x3e, 0xa, 0x3c, 0x2f, 
 355                  0x63, 0x65, 0x6e, 0x74, 0x65, 0x72, 0x3e, 0xa, 0x3c, 0x2f, 
 356                  0x62, 0x6f, 0x64, 0x79, 0x3e, 0xa, 0x3c, 0x2f, 0x68, 0x74, 
 357                  0x6d, 0x6c, 0x3e, };
 358          
 359          const char code data_404_html[] = {
 360                  /* /404.html */
 361                  0x2f, 0x34, 0x30, 0x34, 0x2e, 0x68, 0x74, 0x6d, 0x6c, 0,
 362                  0x48, 0x54, 0x54, 0x50, 0x2f, 0x31, 0x2e, 0x30, 0x20, 0x34, 
 363                  0x30, 0x34, 0x20, 0x46, 0x69, 0x6c, 0x65, 0x20, 0x6e, 0x6f, 
 364                  0x74, 0x20, 0x66, 0x6f, 0x75, 0x6e, 0x64, 0xd, 0xa, 0x53, 
C51 COMPILER V8.16   FSDATA                                                                01/02/2011 16:07:36 PAGE 7   

 365                  0x65, 0x72, 0x76, 0x65, 0x72, 0x3a, 0x20, 0x75, 0x49, 0x50, 
 366                  0x2f, 0x30, 0x2e, 0x39, 0x20, 0x28, 0x68, 0x74, 0x74, 0x70, 
 367                  0x3a, 0x2f, 0x2f, 0x64, 0x75, 0x6e, 0x6b, 0x65, 0x6c, 0x73, 
 368                  0x2e, 0x63, 0x6f, 0x6d, 0x2f, 0x61, 0x64, 0x61, 0x6d, 0x2f, 
 369                  0x75, 0x69, 0x70, 0x2f, 0x29, 0xd, 0xa, 0x43, 0x6f, 0x6e, 
 370                  0x74, 0x65, 0x6e, 0x74, 0x2d, 0x74, 0x79, 0x70, 0x65, 0x3a, 
 371                  0x20, 0x74, 0x65, 0x78, 0x74, 0x2f, 0x68, 0x74, 0x6d, 0x6c, 
 372                  0xd, 0xa, 0xd, 0xa, 0x3c, 0x68, 0x74, 0x6d, 0x6c, 0x3e, 
 373                  0x3c, 0x62, 0x6f, 0x64, 0x79, 0x20, 0x62, 0x67, 0x63, 0x6f, 
 374                  0x6c, 0x6f, 0x72, 0x3d, 0x22, 0x77, 0x68, 0x69, 0x74, 0x65, 
 375                  0x22, 0x3e, 0x3c, 0x63, 0x65, 0x6e, 0x74, 0x65, 0x72, 0x3e, 
 376                  0x3c, 0x68, 0x31, 0x3e, 0x34, 0x30, 0x34, 0x20, 0x2d, 0x20, 
 377                  0x66, 0x69, 0x6c, 0x65, 0x20, 0x6e, 0x6f, 0x74, 0x20, 0x66, 
 378                  0x6f, 0x75, 0x6e, 0x64, 0x3c, 0x2f, 0x68, 0x31, 0x3e, 0x3c, 
 379                  0x2f, 0x63, 0x65, 0x6e, 0x74, 0x65, 0x72, 0x3e, 0x3c, 0x2f, 
 380                  0x62, 0x6f, 0x64, 0x79, 0x3e, 0x3c, 0x2f, 0x68, 0x74, 0x6d, 
 381                  0x6c, 0x3e, };
 382          
 383          const char code data_files_footer_plain[] = {
 384                  /* /files_footer.plain */
 385                  0x2f, 0x66, 0x69, 0x6c, 0x65, 0x73, 0x5f, 0x66, 0x6f, 0x6f, 0x74, 0x65, 0x72, 0x2e, 0x70, 0x6c, 0x61, 0x6
             -9, 0x6e, 0,
 386                  0x3c, 0x2f, 0x74, 0x64, 0x3e, 0x3c, 0x2f, 0x74, 0x72, 0x3e, 
 387                  0x3c, 0x2f, 0x74, 0x61, 0x62, 0x6c, 0x65, 0x3e, 0xa, 0x3c, 
 388                  0x2f, 0x62, 0x6f, 0x64, 0x79, 0x3e, 0xa, 0x3c, 0x2f, 0x68, 
 389                  0x74, 0x6d, 0x6c, 0x3e, 0xa, };
 390          
 391          const char code data_files_header_html[] = {
 392                  /* /files_header.html */
 393                  0x2f, 0x66, 0x69, 0x6c, 0x65, 0x73, 0x5f, 0x68, 0x65, 0x61, 0x64, 0x65, 0x72, 0x2e, 0x68, 0x74, 0x6d, 0x6
             -c, 0,
 394                  0x48, 0x54, 0x54, 0x50, 0x2f, 0x31, 0x2e, 0x30, 0x20, 0x32, 
 395                  0x30, 0x30, 0x20, 0x4f, 0x4b, 0xd, 0xa, 0x53, 0x65, 0x72, 
 396                  0x76, 0x65, 0x72, 0x3a, 0x20, 0x75, 0x49, 0x50, 0x2f, 0x30, 
 397                  0x2e, 0x39, 0x20, 0x28, 0x68, 0x74, 0x74, 0x70, 0x3a, 0x2f, 
 398                  0x2f, 0x64, 0x75, 0x6e, 0x6b, 0x65, 0x6c, 0x73, 0x2e, 0x63, 
 399                  0x6f, 0x6d, 0x2f, 0x61, 0x64, 0x61, 0x6d, 0x2f, 0x75, 0x69, 
 400                  0x70, 0x2f, 0x29, 0xd, 0xa, 0x43, 0x6f, 0x6e, 0x74, 0x65, 
 401                  0x6e, 0x74, 0x2d, 0x74, 0x79, 0x70, 0x65, 0x3a, 0x20, 0x74, 
 402                  0x65, 0x78, 0x74, 0x2f, 0x68, 0x74, 0x6d, 0x6c, 0xd, 0xa, 
 403                  0xd, 0xa, 0x3c, 0x68, 0x74, 0x6d, 0x6c, 0x3e, 0xa, 0x3c, 
 404                  0x62, 0x6f, 0x64, 0x79, 0x20, 0x62, 0x67, 0x63, 0x6f, 0x6c, 
 405                  0x6f, 0x72, 0x3d, 0x22, 0x77, 0x68, 0x69, 0x74, 0x65, 0x22, 
 406                  0x3e, 0xa, 0x3c, 0x63, 0x65, 0x6e, 0x74, 0x65, 0x72, 0x3e, 
 407                  0xa, 0x3c, 0x74, 0x61, 0x62, 0x6c, 0x65, 0x20, 0x77, 0x69, 
 408                  0x64, 0x74, 0x68, 0x3d, 0x22, 0x36, 0x30, 0x30, 0x22, 0x20, 
 409                  0x62, 0x6f, 0x72, 0x64, 0x65, 0x72, 0x3d, 0x22, 0x30, 0x22, 
 410                  0x3e, 0xa, };
 411          
 412          const char code data_index_html[] = {
 413                  /* /index.html */
 414                  0x2f, 0x69, 0x6e, 0x64, 0x65, 0x78, 0x2e, 0x68, 0x74, 0x6d, 0x6c, 0,
 415                  0x48, 0x54, 0x54, 0x50, 0x2f, 0x31, 0x2e, 0x30, 0x20, 0x32, 
 416                  0x30, 0x30, 0x20, 0x4f, 0x4b, 0xd, 0xa, 0x53, 0x65, 0x72, 
 417                  0x76, 0x65, 0x72, 0x3a, 0x20, 0x75, 0x49, 0x50, 0x2f, 0x30, 
 418                  0x2e, 0x39, 0x20, 0x28, 0x68, 0x74, 0x74, 0x70, 0x3a, 0x2f, 
 419                  0x2f, 0x64, 0x75, 0x6e, 0x6b, 0x65, 0x6c, 0x73, 0x2e, 0x63, 
 420                  0x6f, 0x6d, 0x2f, 0x61, 0x64, 0x61, 0x6d, 0x2f, 0x75, 0x69, 
 421                  0x70, 0x2f, 0x29, 0xd, 0xa, 0x43, 0x6f, 0x6e, 0x74, 0x65, 
 422                  0x6e, 0x74, 0x2d, 0x74, 0x79, 0x70, 0x65, 0x3a, 0x20, 0x74, 
 423                  0x65, 0x78, 0x74, 0x2f, 0x68, 0x74, 0x6d, 0x6c, 0xd, 0xa, 
 424                  0xd, 0xa, 0x3c, 0x68, 0x74, 0x6d, 0x6c, 0x3e, 0xa, 0x3c, 
C51 COMPILER V8.16   FSDATA                                                                01/02/2011 16:07:36 PAGE 8   

 425                  0x68, 0x65, 0x61, 0x64, 0x3e, 0x3c, 0x74, 0x69, 0x74, 0x6c, 
 426                  0x65, 0x3e, 0x75, 0x49, 0x50, 0x20, 0x77, 0x65, 0x62, 0x20, 
 427                  0x73, 0x65, 0x72, 0x76, 0x65, 0x72, 0x20, 0x74, 0x65, 0x73, 
 428                  0x74, 0x20, 0x70, 0x61, 0x67, 0x65, 0x3c, 0x2f, 0x74, 0x69, 
 429                  0x74, 0x6c, 0x65, 0x3e, 0x3c, 0x2f, 0x68, 0x65, 0x61, 0x64, 
 430                  0x3e, 0xa, 0xa, 0x3c, 0x66, 0x72, 0x61, 0x6d, 0x65, 0x73, 
 431                  0x65, 0x74, 0x20, 0x63, 0x6f, 0x6c, 0x73, 0x3d, 0x22, 0x2a, 
 432                  0x22, 0x20, 0x72, 0x6f, 0x77, 0x73, 0x3d, 0x22, 0x31, 0x32, 
 433                  0x30, 0x2c, 0x2a, 0x22, 0x20, 0x66, 0x72, 0x61, 0x6d, 0x65, 
 434                  0x62, 0x6f, 0x72, 0x64, 0x65, 0x72, 0x3d, 0x22, 0x6e, 0x6f, 
 435                  0x22, 0x3e, 0x20, 0xa, 0x20, 0x20, 0x3c, 0x66, 0x72, 0x61, 
 436                  0x6d, 0x65, 0x20, 0x73, 0x72, 0x63, 0x3d, 0x22, 0x63, 0x6f, 
 437                  0x6e, 0x74, 0x72, 0x6f, 0x6c, 0x2e, 0x68, 0x74, 0x6d, 0x6c, 
 438                  0x22, 0x3e, 0xa, 0x20, 0x20, 0x3c, 0x66, 0x72, 0x61, 0x6d, 
 439                  0x65, 0x20, 0x73, 0x72, 0x63, 0x3d, 0x22, 0x61, 0x62, 0x6f, 
 440                  0x75, 0x74, 0x2e, 0x68, 0x74, 0x6d, 0x6c, 0x22, 0x20, 0x6e, 
 441                  0x61, 0x6d, 0x65, 0x3d, 0x22, 0x6d, 0x61, 0x69, 0x6e, 0x22, 
 442                  0x3e, 0xa, 0x3c, 0x2f, 0x66, 0x72, 0x61, 0x6d, 0x65, 0x73, 
 443                  0x65, 0x74, 0x3e, 0xa, 0xa, 0x3c, 0x6e, 0x6f, 0x66, 0x72, 
 444                  0x61, 0x6d, 0x65, 0x73, 0x3e, 0xa, 0x3c, 0x62, 0x6f, 0x64, 
 445                  0x79, 0x3e, 0xa, 0x59, 0x6f, 0x75, 0x72, 0x20, 0x62, 0x72, 
 446                  0x6f, 0x77, 0x73, 0x65, 0x72, 0x20, 0x6d, 0x75, 0x73, 0x74, 
 447                  0x20, 0x73, 0x75, 0x70, 0x70, 0x6f, 0x72, 0x74, 0x20, 0x66, 
 448                  0x72, 0x61, 0x6d, 0x65, 0x73, 0xa, 0x3c, 0x2f, 0x62, 0x6f, 
 449                  0x64, 0x79, 0x3e, 0xa, 0x3c, 0x2f, 0x6e, 0x6f, 0x66, 0x72, 
 450                  0x61, 0x6d, 0x65, 0x73, 0x3e, 0xa, 0x3c, 0x2f, 0x68, 0x74, 
 451                  0x6d, 0x6c, 0x3e, };
 452          
 453          const char code data_stats_footer_plain[] = {
 454                  /* /stats_footer.plain */
 455                  0x2f, 0x73, 0x74, 0x61, 0x74, 0x73, 0x5f, 0x66, 0x6f, 0x6f, 0x74, 0x65, 0x72, 0x2e, 0x70, 0x6c, 0x61, 0x6
             -9, 0x6e, 0,
 456                  0x3c, 0x2f, 0x74, 0x64, 0x3e, 0x3c, 0x2f, 0x74, 0x72, 0x3e, 
 457                  0x3c, 0x2f, 0x74, 0x61, 0x62, 0x6c, 0x65, 0x3e, 0xa, 0x3c, 
 458                  0x2f, 0x62, 0x6f, 0x64, 0x79, 0x3e, 0xa, 0x3c, 0x2f, 0x68, 
 459                  0x74, 0x6d, 0x6c, 0x3e, 0xa, };
 460          
 461          const char code data_stats_header_html[] = {
 462                  /* /stats_header.html */
 463                  0x2f, 0x73, 0x74, 0x61, 0x74, 0x73, 0x5f, 0x68, 0x65, 0x61, 0x64, 0x65, 0x72, 0x2e, 0x68, 0x74, 0x6d, 0x6
             -c, 0,
 464                  0x48, 0x54, 0x54, 0x50, 0x2f, 0x31, 0x2e, 0x30, 0x20, 0x32, 
 465                  0x30, 0x30, 0x20, 0x4f, 0x4b, 0xd, 0xa, 0x53, 0x65, 0x72, 
 466                  0x76, 0x65, 0x72, 0x3a, 0x20, 0x75, 0x49, 0x50, 0x2f, 0x30, 
 467                  0x2e, 0x39, 0x20, 0x28, 0x68, 0x74, 0x74, 0x70, 0x3a, 0x2f, 
 468                  0x2f, 0x64, 0x75, 0x6e, 0x6b, 0x65, 0x6c, 0x73, 0x2e, 0x63, 
 469                  0x6f, 0x6d, 0x2f, 0x61, 0x64, 0x61, 0x6d, 0x2f, 0x75, 0x69, 
 470                  0x70, 0x2f, 0x29, 0xd, 0xa, 0x43, 0x6f, 0x6e, 0x74, 0x65, 
 471                  0x6e, 0x74, 0x2d, 0x74, 0x79, 0x70, 0x65, 0x3a, 0x20, 0x74, 
 472                  0x65, 0x78, 0x74, 0x2f, 0x68, 0x74, 0x6d, 0x6c, 0xd, 0xa, 
 473                  0xd, 0xa, 0x3c, 0x68, 0x74, 0x6d, 0x6c, 0x3e, 0xa, 0x3c, 
 474                  0x62, 0x6f, 0x64, 0x79, 0x20, 0x62, 0x67, 0x63, 0x6f, 0x6c, 
 475                  0x6f, 0x72, 0x3d, 0x22, 0x77, 0x68, 0x69, 0x74, 0x65, 0x22, 
 476                  0x3e, 0xa, 0x3c, 0x63, 0x65, 0x6e, 0x74, 0x65, 0x72, 0x3e, 
 477                  0xa, 0x3c, 0x74, 0x61, 0x62, 0x6c, 0x65, 0x20, 0x77, 0x69, 
 478                  0x64, 0x74, 0x68, 0x3d, 0x22, 0x36, 0x30, 0x30, 0x22, 0x20, 
 479                  0x62, 0x6f, 0x72, 0x64, 0x65, 0x72, 0x3d, 0x22, 0x30, 0x22, 
 480                  0x3e, 0xa, 0x3c, 0x74, 0x72, 0x3e, 0x3c, 0x74, 0x64, 0x3e, 
 481                  0xa, 0x3c, 0x70, 0x72, 0x65, 0x3e, 0xa, 0x49, 0x50, 0x20, 
 482                  0x20, 0x20, 0x20, 0x20, 0x20, 0x20, 0x20, 0x20, 0x20, 0x20, 
 483                  0x50, 0x61, 0x63, 0x6b, 0x65, 0x74, 0x73, 0x20, 0x64, 0x72, 
 484                  0x6f, 0x70, 0x70, 0x65, 0x64, 0xa, 0x20, 0x20, 0x20, 0x20, 
C51 COMPILER V8.16   FSDATA                                                                01/02/2011 16:07:36 PAGE 9   

 485                  0x20, 0x20, 0x20, 0x20, 0x20, 0x20, 0x20, 0x20, 0x20, 0x50, 
 486                  0x61, 0x63, 0x6b, 0x65, 0x74, 0x73, 0x20, 0x72, 0x65, 0x63, 
 487                  0x65, 0x69, 0x76, 0x65, 0x64, 0xa, 0x20, 0x20, 0x20, 0x20, 
 488                  0x20, 0x20, 0x20, 0x20, 0x20, 0x20, 0x20, 0x20, 0x20, 0x50, 
 489                  0x61, 0x63, 0x6b, 0x65, 0x74, 0x73, 0x20, 0x73, 0x65, 0x6e, 
 490                  0x74, 0xa, 0x49, 0x50, 0x20, 0x65, 0x72, 0x72, 0x6f, 0x72, 
 491                  0x73, 0x20, 0x20, 0x20, 0x20, 0x49, 0x50, 0x20, 0x76, 0x65, 
 492                  0x72, 0x73, 0x69, 0x6f, 0x6e, 0x2f, 0x68, 0x65, 0x61, 0x64, 
 493                  0x65, 0x72, 0x20, 0x6c, 0x65, 0x6e, 0x67, 0x74, 0x68, 0xa, 
 494                  0x20, 0x20, 0x20, 0x20, 0x20, 0x20, 0x20, 0x20, 0x20, 0x20, 
 495                  0x20, 0x20, 0x20, 0x49, 0x50, 0x20, 0x6c, 0x65, 0x6e, 0x67, 
 496                  0x74, 0x68, 0x2c, 0x20, 0x68, 0x69, 0x67, 0x68, 0x20, 0x62, 
 497                  0x79, 0x74, 0x65, 0xa, 0x20, 0x20, 0x20, 0x20, 0x20, 0x20, 
 498                  0x20, 0x20, 0x20, 0x20, 0x20, 0x20, 0x20, 0x49, 0x50, 0x20, 
 499                  0x6c, 0x65, 0x6e, 0x67, 0x74, 0x68, 0x2c, 0x20, 0x6c, 0x6f, 
 500                  0x77, 0x20, 0x62, 0x79, 0x74, 0x65, 0xa, 0x20, 0x20, 0x20, 
 501                  0x20, 0x20, 0x20, 0x20, 0x20, 0x20, 0x20, 0x20, 0x20, 0x20, 
 502                  0x49, 0x50, 0x20, 0x66, 0x72, 0x61, 0x67, 0x6d, 0x65, 0x6e, 
 503                  0x74, 0x73, 0xa, 0x20, 0x20, 0x20, 0x20, 0x20, 0x20, 0x20, 
 504                  0x20, 0x20, 0x20, 0x20, 0x20, 0x20, 0x48, 0x65, 0x61, 0x64, 
 505                  0x65, 0x72, 0x20, 0x63, 0x68, 0x65, 0x63, 0x6b, 0x73, 0x75, 
 506                  0x6d, 0xa, 0x20, 0x20, 0x20, 0x20, 0x20, 0x20, 0x20, 0x20, 
 507                  0x20, 0x20, 0x20, 0x20, 0x20, 0x57, 0x72, 0x6f, 0x6e, 0x67, 
 508                  0x20, 0x70, 0x72, 0x6f, 0x74, 0x6f, 0x63, 0x6f, 0x6c, 0xa, 
 509                  0x49, 0x43, 0x4d, 0x50, 0x9, 0x20, 0x20, 0x20, 0x20, 0x20, 
 510                  0x50, 0x61, 0x63, 0x6b, 0x65, 0x74, 0x73, 0x20, 0x64, 0x72, 
 511                  0x6f, 0x70, 0x70, 0x65, 0x64, 0xa, 0x20, 0x20, 0x20, 0x20, 
 512                  0x20, 0x20, 0x20, 0x20, 0x20, 0x20, 0x20, 0x20, 0x20, 0x50, 
 513                  0x61, 0x63, 0x6b, 0x65, 0x74, 0x73, 0x20, 0x72, 0x65, 0x63, 
 514                  0x65, 0x69, 0x76, 0x65, 0x64, 0xa, 0x20, 0x20, 0x20, 0x20, 
 515                  0x20, 0x20, 0x20, 0x20, 0x20, 0x20, 0x20, 0x20, 0x20, 0x50, 
 516                  0x61, 0x63, 0x6b, 0x65, 0x74, 0x73, 0x20, 0x73, 0x65, 0x6e, 
 517                  0x74, 0xa, 0x20, 0x20, 0x20, 0x20, 0x20, 0x20, 0x20, 0x20, 
 518                  0x20, 0x20, 0x20, 0x20, 0x20, 0x54, 0x79, 0x70, 0x65, 0x20, 
 519                  0x65, 0x72, 0x72, 0x6f, 0x72, 0x73, 0xa, 0x54, 0x43, 0x50, 
 520                  0x20, 0x20, 0x20, 0x20, 0x20, 0x20, 0x20, 0x20, 0x20, 0x20, 
 521                  0x50, 0x61, 0x63, 0x6b, 0x65, 0x74, 0x73, 0x20, 0x64, 0x72, 
 522                  0x6f, 0x70, 0x70, 0x65, 0x64, 0xa, 0x20, 0x20, 0x20, 0x20, 
 523                  0x20, 0x20, 0x20, 0x20, 0x20, 0x20, 0x20, 0x20, 0x20, 0x50, 
 524                  0x61, 0x63, 0x6b, 0x65, 0x74, 0x73, 0x20, 0x72, 0x65, 0x63, 
 525                  0x65, 0x69, 0x76, 0x65, 0x64, 0xa, 0x20, 0x20, 0x20, 0x20, 
 526                  0x20, 0x20, 0x20, 0x20, 0x20, 0x20, 0x20, 0x20, 0x20, 0x50, 
 527                  0x61, 0x63, 0x6b, 0x65, 0x74, 0x73, 0x20, 0x73, 0x65, 0x6e, 
 528                  0x74, 0xa, 0x20, 0x20, 0x20, 0x20, 0x20, 0x20, 0x20, 0x20, 
 529                  0x20, 0x20, 0x20, 0x20, 0x20, 0x43, 0x68, 0x65, 0x63, 0x6b, 
 530                  0x73, 0x75, 0x6d, 0x20, 0x65, 0x72, 0x72, 0x6f, 0x72, 0x73, 
 531                  0xa, 0x20, 0x20, 0x20, 0x20, 0x20, 0x20, 0x20, 0x20, 0x20, 
 532                  0x20, 0x20, 0x20, 0x20, 0x44, 0x61, 0x74, 0x61, 0x20, 0x70, 
 533                  0x61, 0x63, 0x6b, 0x65, 0x74, 0x73, 0x20, 0x77, 0x69, 0x74, 
 534                  0x68, 0x6f, 0x75, 0x74, 0x20, 0x41, 0x43, 0x4b, 0x73, 0xa, 
 535                  0x20, 0x20, 0x20, 0x20, 0x20, 0x20, 0x20, 0x20, 0x20, 0x20, 
 536                  0x20, 0x20, 0x20, 0x52, 0x65, 0x73, 0x65, 0x74, 0x73, 0xa, 
 537                  0x20, 0x20, 0x20, 0x20, 0x20, 0x20, 0x20, 0x20, 0x20, 0x20, 
 538                  0x20, 0x20, 0x20, 0x52, 0x65, 0x74, 0x72, 0x61, 0x6e, 0x73, 
 539                  0x6d, 0x69, 0x73, 0x73, 0x69, 0x6f, 0x6e, 0x73, 0xa, 0x9, 
 540                  0x20, 0x20, 0x20, 0x20, 0x20, 0x4e, 0x6f, 0x20, 0x63, 0x6f, 
 541                  0x6e, 0x6e, 0x65, 0x63, 0x74, 0x69, 0x6f, 0x6e, 0x20, 0x61, 
 542                  0x76, 0x61, 0x6c, 0x69, 0x61, 0x62, 0x6c, 0x65, 0xa, 0x9, 
 543                  0x20, 0x20, 0x20, 0x20, 0x20, 0x43, 0x6f, 0x6e, 0x6e, 0x65, 
 544                  0x63, 0x74, 0x69, 0x6f, 0x6e, 0x20, 0x61, 0x74, 0x74, 0x65, 
 545                  0x6d, 0x70, 0x74, 0x73, 0x20, 0x74, 0x6f, 0x20, 0x63, 0x6c, 
 546                  0x6f, 0x73, 0x65, 0x64, 0x20, 0x70, 0x6f, 0x72, 0x74, 0x73, 
C51 COMPILER V8.16   FSDATA                                                                01/02/2011 16:07:36 PAGE 10  

 547                  0xa, 0x3c, 0x2f, 0x70, 0x72, 0x65, 0x3e, 0x9, 0x20, 0x20, 
 548                  0x20, 0x20, 0x20, 0xa, 0x3c, 0x2f, 0x74, 0x64, 0x3e, 0x3c, 
 549                  0x74, 0x64, 0x3e, 0x3c, 0x70, 0x72, 0x65, 0x3e, };
 550          
 551          const char code data_tcp_footer_plain[] = {
 552                  /* /tcp_footer.plain */
 553                  0x2f, 0x74, 0x63, 0x70, 0x5f, 0x66, 0x6f, 0x6f, 0x74, 0x65, 0x72, 0x2e, 0x70, 0x6c, 0x61, 0x69, 0x6e, 0,
 554                  0xa, 0x3c, 0x2f, 0x74, 0x64, 0x3e, 0x3c, 0x2f, 0x74, 0x72, 
 555                  0x3e, 0x3c, 0x2f, 0x74, 0x61, 0x62, 0x6c, 0x65, 0x3e, 0xa, 
 556                  0x3c, 0x2f, 0x63, 0x65, 0x6e, 0x74, 0x65, 0x72, 0x3e, 0xa, 
 557                  0x3c, 0x2f, 0x62, 0x6f, 0x64, 0x79, 0x3e, 0xa, 0x3c, 0x2f, 
 558                  0x68, 0x74, 0x6d, 0x6c, 0x3e, };
 559          
 560          const char code data_tcp_header_html[] = {
 561                  /* /tcp_header.html */
 562                  0x2f, 0x74, 0x63, 0x70, 0x5f, 0x68, 0x65, 0x61, 0x64, 0x65, 0x72, 0x2e, 0x68, 0x74, 0x6d, 0x6c, 0,
 563                  0x48, 0x54, 0x54, 0x50, 0x2f, 0x31, 0x2e, 0x30, 0x20, 0x32, 
 564                  0x30, 0x30, 0x20, 0x4f, 0x4b, 0xd, 0xa, 0x53, 0x65, 0x72, 
 565                  0x76, 0x65, 0x72, 0x3a, 0x20, 0x75, 0x49, 0x50, 0x2f, 0x30, 
 566                  0x2e, 0x39, 0x20, 0x28, 0x68, 0x74, 0x74, 0x70, 0x3a, 0x2f, 
 567                  0x2f, 0x64, 0x75, 0x6e, 0x6b, 0x65, 0x6c, 0x73, 0x2e, 0x63, 
 568                  0x6f, 0x6d, 0x2f, 0x61, 0x64, 0x61, 0x6d, 0x2f, 0x75, 0x69, 
 569                  0x70, 0x2f, 0x29, 0xd, 0xa, 0x43, 0x6f, 0x6e, 0x74, 0x65, 
 570                  0x6e, 0x74, 0x2d, 0x74, 0x79, 0x70, 0x65, 0x3a, 0x20, 0x74, 
 571                  0x65, 0x78, 0x74, 0x2f, 0x68, 0x74, 0x6d, 0x6c, 0xd, 0xa, 
 572                  0xd, 0xa, 0x3c, 0x68, 0x74, 0x6d, 0x6c, 0x3e, 0xa, 0x3c, 
 573                  0x62, 0x6f, 0x64, 0x79, 0x20, 0x62, 0x67, 0x63, 0x6f, 0x6c, 
 574                  0x6f, 0x72, 0x3d, 0x22, 0x77, 0x68, 0x69, 0x74, 0x65, 0x22, 
 575                  0x3e, 0xa, 0x3c, 0x63, 0x65, 0x6e, 0x74, 0x65, 0x72, 0x3e, 
 576                  0xa, 0x3c, 0x74, 0x61, 0x62, 0x6c, 0x65, 0x20, 0x77, 0x69, 
 577                  0x64, 0x74, 0x68, 0x3d, 0x22, 0x36, 0x30, 0x30, 0x22, 0x20, 
 578                  0x62, 0x6f, 0x72, 0x64, 0x65, 0x72, 0x3d, 0x22, 0x30, 0x22, 
 579                  0x3e, 0xa, 0x3c, 0x74, 0x72, 0x3e, 0x3c, 0x74, 0x68, 0x3e, 
 580                  0x52, 0x65, 0x6d, 0x6f, 0x74, 0x65, 0x3c, 0x2f, 0x74, 0x68, 
 581                  0x3e, 0x3c, 0x74, 0x68, 0x3e, 0x53, 0x74, 0x61, 0x74, 0x65, 
 582                  0x3c, 0x2f, 0x74, 0x68, 0x3e, 0x3c, 0x74, 0x68, 0x3e, 0x52, 
 583                  0x65, 0x74, 0x72, 0x61, 0x6e, 0x73, 0x6d, 0x69, 0x73, 0x73, 
 584                  0x69, 0x6f, 0x6e, 0x73, 0x3c, 0x2f, 0x74, 0x68, 0x3e, 0x3c, 
 585                  0x74, 0x68, 0x3e, 0x54, 0x69, 0x6d, 0x65, 0x72, 0x3c, 0x2f, 
 586                  0x74, 0x68, 0x3e, 0x3c, 0x74, 0x68, 0x3e, 0x46, 0x6c, 0x61, 
 587                  0x67, 0x73, 0x3c, 0x2f, 0x74, 0x68, 0x3e, 0x3c, 0x2f, 0x74, 
 588                  0x72, 0x3e, 0xa, 0xa, };  
 589          
 590          const struct fsdata_file code file_cgi_files[] = {{NULL, data_cgi_files, data_cgi_files + 11, sizeof(data_
             -cgi_files) - 11}};
 591          
 592          const struct fsdata_file code file_cgi_stats[] = {{file_cgi_files, data_cgi_stats, data_cgi_stats + 11, si
             -zeof(data_cgi_stats) - 11}};
 593          
 594          const struct fsdata_file code file_cgi_tcp[] = {{file_cgi_stats, data_cgi_tcp, data_cgi_tcp + 9, sizeof(da
             -ta_cgi_tcp) - 9}};
 595          
 596          const struct fsdata_file code file_img_bg_png[] = {{file_cgi_tcp, data_img_bg_png, data_img_bg_png + 12, s
             -izeof(data_img_bg_png) - 12}};
 597          
 598          const struct fsdata_file code file_about_html[] = {{file_img_bg_png, data_about_html, data_about_html + 12
             -, sizeof(data_about_html) - 12}};
 599          
 600          const struct fsdata_file code file_control_html[] = {{file_about_html, data_control_html, data_control_htm
             -l + 14, sizeof(data_control_html) - 14}};
 601          
 602          const struct fsdata_file code file_404_html[] = {{file_control_html, data_404_html, data_404_html + 10, si
C51 COMPILER V8.16   FSDATA                                                                01/02/2011 16:07:36 PAGE 11  

             -zeof(data_404_html) - 10}};
 603          
 604          const struct fsdata_file code file_files_footer_plain[] = {{file_404_html, data_files_footer_plain, data_f
             -iles_footer_plain + 20, sizeof(data_files_footer_plain) - 20}};
 605          
 606          const struct fsdata_file code file_files_header_html[] = {{file_files_footer_plain, data_files_header_html
             -, data_files_header_html + 19, sizeof(data_files_header_html) - 19}};
 607          
 608          const struct fsdata_file code file_index_html[] = {{file_files_header_html, data_index_html, data_index_ht
             -ml + 12, sizeof(data_index_html) - 12}};
 609          
 610          const struct fsdata_file code file_stats_footer_plain[] = {{file_index_html, data_stats_footer_plain, data
             -_stats_footer_plain + 20, sizeof(data_stats_footer_plain) - 20}};
 611          
 612          const struct fsdata_file code file_stats_header_html[] = {{file_stats_footer_plain, data_stats_header_html
             -, data_stats_header_html + 19, sizeof(data_stats_header_html) - 19}};
 613          
 614          const struct fsdata_file code file_tcp_footer_plain[] = {{file_stats_header_html, data_tcp_footer_plain, d
             -ata_tcp_footer_plain + 18, sizeof(data_tcp_footer_plain) - 18}};
 615          
 616          const struct fsdata_file code file_tcp_header_html[] = {{file_tcp_footer_plain, data_tcp_header_html, data
             -_tcp_header_html + 17, sizeof(data_tcp_header_html) - 17}};
 617          
 618          #define FS_ROOT file_tcp_header_html
 619          
 620          #define FS_NUMFILES 14


MODULE INFORMATION:   STATIC OVERLAYABLE
   CODE SIZE        =   ----    ----
   CONSTANT SIZE    =   5635    ----
   XDATA SIZE       =   ----    ----
   PDATA SIZE       =   ----    ----
   DATA SIZE        =   ----    ----
   IDATA SIZE       =   ----    ----
   BIT SIZE         =   ----    ----
END OF MODULE INFORMATION.


C51 COMPILATION COMPLETE.  0 WARNING(S),  0 ERROR(S)
