C51 COMPILER V8.16   MCU_UART                                                              01/02/2011 16:07:37 PAGE 1   


C51 COMPILER V8.16, COMPILATION OF MODULE MCU_UART
OBJECT MODULE PLACED IN .\debug\MCU_UART.obj
COMPILER INVOKED BY: C:\Keil\C51\BIN\C51.EXE MCU_UART.C LARGE BROWSE DEBUG OBJECTEXTEND PRINT(.\debug\MCU_UART.lst) OBJE
                    -CT(.\debug\MCU_UART.obj)

line level    source

   1          /*  Copyright (C) 2008 HeXing. All rights reserved.
   2                  MP3_Player+USB_Disk V0.1 Edit by DianShiJin.cn STUDIO 2008.01
   3          */
   4          //#include <stdio.h>
   5          
   6          #include "reg51.H"
   7          #include "MCU_UART.H"
   8          
   9          code char hex[16]  = {'0', '1', '2', '3', '4', '5', '6', '7', '8', '9', 'a', 'b', 'c', 'd', 'e', 'f'};
  10          
  11          void init_uart()
  12          {  
  13   1      //      if (fre == 1200)         //only support 1200 Baud rate
  14   1      //      {   
  15   1      //              CKCON |=0x04;
  16   1                      TMOD = 0x20;
  17   1                      TH1  = 0xFD;
  18   1                      TL1  = 0xFD;
  19   1                      SCON = 0x50;
  20   1                      PCON = PCON|0x80;
  21   1                      TR1  = 1;
  22   1      //              TI = 1;
  23   1      //              printf("Hello world!\r\n");
  24   1      //      }
  25   1      }
  26          
  27          //Send String Tor Uart
  28          void printu(char * str) 
  29          {       
  30   1          idata char *ct = str;
  31   1      
  32   1              while (*ct != '\0')
  33   1              {
  34   2                      if (*ct == '\n')
  35   2                      {
  36   3                              SBUF = 13;
  37   3                              while (!TI);
  38   3                              TI = 0;
  39   3                      }
  40   2                      SBUF=*ct;
  41   2                      while (!TI);
  42   2                      TI = 0;
  43   2                      ct++;
  44   2              }
  45   1      }
  46          
  47          //
  48          void printuf(char *str, unsigned char cb) 
  49          {
  50   1              idata char *ct = str;
  51   1              idata char cx1;
  52   1              idata char cx2;
  53   1      
  54   1              while (*ct != '\0')
C51 COMPILER V8.16   MCU_UART                                                              01/02/2011 16:07:37 PAGE 2   

  55   1              {
  56   2                      if (*ct == '%')
  57   2                      {       
  58   3                              if (*(ct + 1) == 'x')              
  59   3                              {
  60   4                                      ct += 2;
  61   4                                      cx1 = cb / 16;
  62   4                                      cx2 = cb % 16;
  63   4                                      SBUF = hex[cx1];
  64   4                                      while (!TI);
  65   4                                      TI = 0;
  66   4                                      SBUF = hex[cx2];
  67   4                                      while (!TI);
  68   4                                      TI = 0;
  69   4                                      continue;
  70   4                              }
  71   3      
  72   3                              if (*(ct + 1) == 'c')              
  73   3                              {
  74   4                                      ct += 2;
  75   4                                      SBUF = cb;
  76   4                                      while (!TI);
  77   4                                      TI = 0;
  78   4                                      continue;
  79   4                              }
  80   3                              
  81   3                      }
  82   2                      if (*ct == '\n')
  83   2                      {
  84   3                              SBUF = 13;
  85   3                              while (!TI);
  86   3                              TI = 0;
  87   3                      }
  88   2                      SBUF = *ct;
  89   2                      while (!TI);
  90   2                      TI = 0;
  91   2                      ct++;
  92   2              }
  93   1      }


MODULE INFORMATION:   STATIC OVERLAYABLE
   CODE SIZE        =    287    ----
   CONSTANT SIZE    =     16    ----
   XDATA SIZE       =   ----    ----
   PDATA SIZE       =   ----    ----
   DATA SIZE        =   ----    ----
   IDATA SIZE       =   ----       8
   BIT SIZE         =   ----    ----
END OF MODULE INFORMATION.


C51 COMPILATION COMPLETE.  0 WARNING(S),  0 ERROR(S)
